2025-07-20 00:52:35 [INFO] optimize_indicators.log: Loading data for indicator optimization...
2025-07-20 00:52:35 [ERROR] optimize_indicators.log: Error loading data for indicator optimization: Enriched data must have 'open_time' column or index.
2025-07-20 00:59:00 [INFO] optimize_indicators.log: Loading data for indicator optimization...
2025-07-20 00:59:00 [ERROR] optimize_indicators.log: Error loading data for indicator optimization: Enriched data must have 'open_time' column or index.
2025-07-20 01:02:01 [INFO] optimize_indicators.log: Loading data for indicator optimization...
2025-07-20 01:02:01 [ERROR] optimize_indicators.log: Required file not found: Predictions file not found at /workspaces/btc_usdt/results/model_predictions.json. Cannot run optimization.
2025-07-20 01:03:52 [INFO] optimize_indicators.log: Loading data for indicator optimization...
2025-07-20 01:03:52 [ERROR] optimize_indicators.log: Required file not found: Predictions file not found at /workspaces/btc_usdt/results/model_predictions.json. Cannot run optimization.
2025-07-20 01:05:41 [INFO] optimize_indicators.log: Loading data for indicator optimization...
2025-07-20 01:05:41 [ERROR] optimize_indicators.log: Required file not found: Predictions file not found at /workspaces/btc_usdt/results/model_predictions.json. Cannot run optimization.
2025-07-20 01:08:37 [INFO] optimize_indicators.log: Loading data for indicator optimization...
2025-07-20 01:08:37 [ERROR] optimize_indicators.log: Required file not found: Predictions file not found at /workspaces/btc_usdt/results/model_predictions.json. Cannot run optimization.
2025-07-20 01:10:31 [INFO] optimize_indicators.log: Loading data for indicator optimization...
2025-07-20 01:10:31 [ERROR] optimize_indicators.log: Required file not found: Predictions file not found at /workspaces/btc_usdt/results/model_predictions.json. Cannot run optimization.
2025-07-20 01:11:19 [INFO] optimize_indicators.log: Loading data for indicator optimization...
2025-07-20 01:11:19 [ERROR] optimize_indicators.log: Required file not found: Predictions file not found at /workspaces/btc_usdt/results/model_predictions.json. Cannot run optimization.
2025-07-20 01:13:19 [INFO] optimize_indicators.log: Loading data for indicator optimization...
2025-07-20 01:13:19 [ERROR] optimize_indicators.log: Error loading data for indicator optimization: 'ensemble_prob' not found in predictions data.
2025-07-20 01:18:09 [INFO] optimize_indicators.log: Loading data for indicator optimization...
2025-07-20 01:18:09 [ERROR] optimize_indicators.log: Error loading data for indicator optimization: Predictions data format not recognized.
2025-07-20 01:20:57 [INFO] optimize_indicators.log: Loading data for indicator optimization...
2025-07-20 01:20:57 [WARNING] optimize_indicators.log: Predictions data format not recognized: <class 'NoneType'>. Using empty DataFrame.
2025-07-20 01:20:57 [ERROR] optimize_indicators.log: Error loading data for indicator optimization: 'ensemble_prob' not found in predictions data.
2025-07-20 01:23:55 [INFO] optimize_indicators.log: Loading data for indicator optimization...
2025-07-20 01:23:55 [INFO] optimize_indicators.log: Data loaded successfully for indicator optimization. Shape: (2, 7)
2025-07-20 02:06:57 [INFO] optimize_indicators.log: Loading data for indicator optimization...
2025-07-20 02:06:57 [INFO] optimize_indicators.log: Data loaded successfully for indicator optimization. Shape: (2, 7)
